<?xml version="1.0" encoding="UTF-8"?>
<coverage generated="1675090619233" clover="3.2.0">
  <project timestamp="1675090619233" name="All files">
    <metrics statements="101" coveredstatements="73" conditionals="48" coveredconditionals="22" methods="26" coveredmethods="21" elements="175" coveredelements="116" complexity="0" loc="101" ncloc="101" packages="1" files="1" classes="1"/>
    <file name="index.js" path="/Users/haule/projects/direcbase/packages/direcbase-direcsdk-js/index.js">
      <metrics statements="101" coveredstatements="73" conditionals="48" coveredconditionals="22" methods="26" coveredmethods="21"/>
      <line num="1" count="1" type="stmt"/>
      <line num="2" count="1" type="stmt"/>
      <line num="3" count="1" type="stmt"/>
      <line num="6" count="6" type="cond" truecount="1" falsecount="1"/>
      <line num="7" count="0" type="stmt"/>
      <line num="9" count="6" type="stmt"/>
      <line num="12" count="2" type="cond" truecount="3" falsecount="1"/>
      <line num="13" count="0" type="stmt"/>
      <line num="15" count="2" type="cond" truecount="1" falsecount="1"/>
      <line num="16" count="0" type="stmt"/>
      <line num="18" count="2" type="stmt"/>
      <line num="21" count="6" type="cond" truecount="1" falsecount="1"/>
      <line num="22" count="0" type="stmt"/>
      <line num="24" count="6" type="stmt"/>
      <line num="27" count="2" type="cond" truecount="1" falsecount="1"/>
      <line num="28" count="0" type="stmt"/>
      <line num="30" count="2" type="stmt"/>
      <line num="33" count="0" type="cond" truecount="0" falsecount="2"/>
      <line num="34" count="0" type="stmt"/>
      <line num="36" count="0" type="stmt"/>
      <line num="41" count="2" type="stmt"/>
      <line num="47" count="2" type="stmt"/>
      <line num="48" count="2" type="stmt"/>
      <line num="49" count="6" type="cond" truecount="1" falsecount="1"/>
      <line num="50" count="6" type="stmt"/>
      <line num="56" count="2" type="cond" truecount="1" falsecount="1"/>
      <line num="57" count="2" type="stmt"/>
      <line num="58" count="2" type="stmt"/>
      <line num="60" count="2" type="stmt"/>
      <line num="64" count="2" type="cond" truecount="1" falsecount="1"/>
      <line num="65" count="0" type="stmt"/>
      <line num="66" count="0" type="cond" truecount="0" falsecount="2"/>
      <line num="67" count="0" type="stmt"/>
      <line num="71" count="2" type="cond" truecount="1" falsecount="1"/>
      <line num="72" count="2" type="stmt"/>
      <line num="75" count="2" type="stmt"/>
      <line num="79" count="2" type="cond" truecount="1" falsecount="1"/>
      <line num="80" count="2" type="stmt"/>
      <line num="82" count="2" type="cond" truecount="1" falsecount="1"/>
      <line num="83" count="2" type="stmt"/>
      <line num="85" count="2" type="stmt"/>
      <line num="89" count="0" type="cond" truecount="0" falsecount="2"/>
      <line num="90" count="0" type="stmt"/>
      <line num="92" count="0" type="stmt"/>
      <line num="96" count="0" type="cond" truecount="0" falsecount="2"/>
      <line num="97" count="0" type="stmt"/>
      <line num="99" count="0" type="stmt"/>
      <line num="105" count="1" type="stmt"/>
      <line num="106" count="1" type="cond" truecount="1" falsecount="1"/>
      <line num="107" count="1" type="stmt"/>
      <line num="111" count="1" type="cond" truecount="1" falsecount="1"/>
      <line num="112" count="1" type="stmt"/>
      <line num="113" count="1" type="stmt"/>
      <line num="115" count="1" type="stmt"/>
      <line num="121" count="1" type="stmt"/>
      <line num="122" count="1" type="stmt"/>
      <line num="125" count="1" type="cond" truecount="1" falsecount="1"/>
      <line num="126" count="1" type="stmt"/>
      <line num="127" count="1" type="stmt"/>
      <line num="129" count="1" type="stmt"/>
      <line num="133" count="1" type="cond" truecount="1" falsecount="1"/>
      <line num="134" count="1" type="stmt"/>
      <line num="136" count="1" type="stmt"/>
      <line num="141" count="2" type="stmt"/>
      <line num="142" count="2" type="stmt"/>
      <line num="145" count="2" type="cond" truecount="1" falsecount="1"/>
      <line num="146" count="2" type="stmt"/>
      <line num="147" count="2" type="stmt"/>
      <line num="149" count="2" type="stmt"/>
      <line num="155" count="1" type="stmt"/>
      <line num="158" count="5" type="cond" truecount="2" falsecount="0"/>
      <line num="159" count="5" type="stmt"/>
      <line num="160" count="5" type="cond" truecount="2" falsecount="0"/>
      <line num="161" count="2" type="stmt"/>
      <line num="162" count="2" type="stmt"/>
      <line num="164" count="3" type="stmt"/>
      <line num="165" count="3" type="stmt"/>
      <line num="167" count="5" type="stmt"/>
      <line num="171" count="5" type="stmt"/>
      <line num="172" count="5" type="stmt"/>
      <line num="173" count="0" type="stmt"/>
      <line num="174" count="0" type="stmt"/>
      <line num="175" count="0" type="stmt"/>
      <line num="179" count="0" type="stmt"/>
      <line num="180" count="0" type="cond" truecount="0" falsecount="2"/>
      <line num="181" count="0" type="stmt"/>
      <line num="184" count="0" type="stmt"/>
      <line num="186" count="0" type="stmt"/>
      <line num="187" count="0" type="stmt"/>
      <line num="189" count="0" type="stmt"/>
      <line num="190" count="0" type="stmt"/>
      <line num="195" count="1" type="stmt"/>
      <line num="196" count="2" type="stmt"/>
      <line num="198" count="1" type="stmt"/>
      <line num="199" count="1" type="stmt"/>
      <line num="201" count="1" type="stmt"/>
      <line num="202" count="1" type="stmt"/>
      <line num="204" count="1" type="stmt"/>
      <line num="205" count="2" type="stmt"/>
      <line num="208" count="1" type="stmt"/>
      <line num="210" count="1" type="stmt"/>
    </file>
  </project>
</coverage>
