{"/Users/haule/projects/direcbase/packages/direcbase-direcsdk-js/index.js": {"path":"/Users/haule/projects/direcbase/packages/direcbase-direcsdk-js/index.js","statementMap":{"0":{"start":{"line":1,"column":12},"end":{"line":1,"column":33}},"1":{"start":{"line":2,"column":16},"end":{"line":2,"column":40}},"2":{"start":{"line":3,"column":18},"end":{"line":3,"column":40}},"3":{"start":{"line":6,"column":4},"end":{"line":8,"column":5}},"4":{"start":{"line":7,"column":8},"end":{"line":7,"column":21}},"5":{"start":{"line":9,"column":4},"end":{"line":9,"column":16}},"6":{"start":{"line":12,"column":4},"end":{"line":14,"column":5}},"7":{"start":{"line":13,"column":8},"end":{"line":13,"column":21}},"8":{"start":{"line":15,"column":4},"end":{"line":17,"column":5}},"9":{"start":{"line":16,"column":8},"end":{"line":16,"column":21}},"10":{"start":{"line":18,"column":4},"end":{"line":18,"column":16}},"11":{"start":{"line":21,"column":4},"end":{"line":23,"column":5}},"12":{"start":{"line":22,"column":8},"end":{"line":22,"column":21}},"13":{"start":{"line":24,"column":4},"end":{"line":24,"column":16}},"14":{"start":{"line":27,"column":4},"end":{"line":29,"column":5}},"15":{"start":{"line":28,"column":8},"end":{"line":28,"column":21}},"16":{"start":{"line":30,"column":4},"end":{"line":30,"column":16}},"17":{"start":{"line":33,"column":4},"end":{"line":35,"column":5}},"18":{"start":{"line":34,"column":8},"end":{"line":34,"column":21}},"19":{"start":{"line":36,"column":4},"end":{"line":36,"column":16}},"20":{"start":{"line":41,"column":8},"end":{"line":46,"column":10}},"21":{"start":{"line":47,"column":21},"end":{"line":47,"column":54}},"22":{"start":{"line":48,"column":8},"end":{"line":52,"column":11}},"23":{"start":{"line":49,"column":12},"end":{"line":51,"column":13}},"24":{"start":{"line":50,"column":16},"end":{"line":50,"column":47}},"25":{"start":{"line":56,"column":8},"end":{"line":59,"column":9}},"26":{"start":{"line":57,"column":12},"end":{"line":57,"column":36}},"27":{"start":{"line":58,"column":12},"end":{"line":58,"column":29}},"28":{"start":{"line":60,"column":8},"end":{"line":60,"column":20}},"29":{"start":{"line":64,"column":8},"end":{"line":74,"column":9}},"30":{"start":{"line":65,"column":12},"end":{"line":69,"column":13}},"31":{"start":{"line":66,"column":16},"end":{"line":68,"column":17}},"32":{"start":{"line":67,"column":20},"end":{"line":67,"column":85}},"33":{"start":{"line":71,"column":12},"end":{"line":73,"column":13}},"34":{"start":{"line":72,"column":16},"end":{"line":72,"column":61}},"35":{"start":{"line":75,"column":8},"end":{"line":75,"column":20}},"36":{"start":{"line":79,"column":8},"end":{"line":81,"column":9}},"37":{"start":{"line":80,"column":12},"end":{"line":80,"column":26}},"38":{"start":{"line":82,"column":8},"end":{"line":84,"column":9}},"39":{"start":{"line":83,"column":12},"end":{"line":83,"column":55}},"40":{"start":{"line":85,"column":8},"end":{"line":85,"column":20}},"41":{"start":{"line":89,"column":8},"end":{"line":91,"column":9}},"42":{"start":{"line":90,"column":12},"end":{"line":90,"column":37}},"43":{"start":{"line":92,"column":8},"end":{"line":92,"column":20}},"44":{"start":{"line":96,"column":8},"end":{"line":98,"column":9}},"45":{"start":{"line":97,"column":12},"end":{"line":97,"column":39}},"46":{"start":{"line":99,"column":8},"end":{"line":99,"column":20}},"47":{"start":{"line":105,"column":8},"end":{"line":105,"column":25}},"48":{"start":{"line":106,"column":8},"end":{"line":108,"column":9}},"49":{"start":{"line":107,"column":12},"end":{"line":107,"column":38}},"50":{"start":{"line":111,"column":8},"end":{"line":114,"column":9}},"51":{"start":{"line":112,"column":12},"end":{"line":112,"column":36}},"52":{"start":{"line":113,"column":12},"end":{"line":113,"column":29}},"53":{"start":{"line":115,"column":8},"end":{"line":115,"column":20}},"54":{"start":{"line":121,"column":8},"end":{"line":121,"column":25}},"55":{"start":{"line":122,"column":8},"end":{"line":122,"column":35}},"56":{"start":{"line":125,"column":8},"end":{"line":128,"column":9}},"57":{"start":{"line":126,"column":12},"end":{"line":126,"column":36}},"58":{"start":{"line":127,"column":12},"end":{"line":127,"column":29}},"59":{"start":{"line":129,"column":8},"end":{"line":129,"column":20}},"60":{"start":{"line":133,"column":8},"end":{"line":135,"column":9}},"61":{"start":{"line":134,"column":12},"end":{"line":134,"column":37}},"62":{"start":{"line":136,"column":8},"end":{"line":136,"column":20}},"63":{"start":{"line":141,"column":8},"end":{"line":141,"column":25}},"64":{"start":{"line":142,"column":8},"end":{"line":142,"column":35}},"65":{"start":{"line":145,"column":8},"end":{"line":148,"column":9}},"66":{"start":{"line":146,"column":12},"end":{"line":146,"column":36}},"67":{"start":{"line":147,"column":12},"end":{"line":147,"column":29}},"68":{"start":{"line":149,"column":8},"end":{"line":149,"column":20}},"69":{"start":{"line":155,"column":22},"end":{"line":155,"column":52}},"70":{"start":{"line":158,"column":23},"end":{"line":158,"column":36}},"71":{"start":{"line":159,"column":20},"end":{"line":159,"column":56}},"72":{"start":{"line":160,"column":8},"end":{"line":166,"column":9}},"73":{"start":{"line":161,"column":12},"end":{"line":161,"column":58}},"74":{"start":{"line":162,"column":12},"end":{"line":162,"column":39}},"75":{"start":{"line":164,"column":12},"end":{"line":164,"column":40}},"76":{"start":{"line":165,"column":12},"end":{"line":165,"column":53}},"77":{"start":{"line":167,"column":8},"end":{"line":170,"column":12}},"78":{"start":{"line":171,"column":8},"end":{"line":171,"column":43}},"79":{"start":{"line":172,"column":25},"end":{"line":172,"column":52}},"80":{"start":{"line":173,"column":21},"end":{"line":173,"column":42}},"81":{"start":{"line":174,"column":8},"end":{"line":174,"column":26}},"82":{"start":{"line":175,"column":8},"end":{"line":175,"column":20}},"83":{"start":{"line":179,"column":20},"end":{"line":179,"column":56}},"84":{"start":{"line":180,"column":8},"end":{"line":185,"column":9}},"85":{"start":{"line":181,"column":12},"end":{"line":181,"column":92}},"86":{"start":{"line":184,"column":12},"end":{"line":184,"column":77}},"87":{"start":{"line":186,"column":23},"end":{"line":186,"column":44}},"88":{"start":{"line":187,"column":8},"end":{"line":191,"column":10}},"89":{"start":{"line":189,"column":31},"end":{"line":189,"column":53}},"90":{"start":{"line":190,"column":12},"end":{"line":190,"column":27}},"91":{"start":{"line":195,"column":13},"end":{"line":197,"column":1}},"92":{"start":{"line":196,"column":4},"end":{"line":196,"column":31}},"93":{"start":{"line":198,"column":13},"end":{"line":200,"column":1}},"94":{"start":{"line":199,"column":4},"end":{"line":199,"column":31}},"95":{"start":{"line":201,"column":13},"end":{"line":203,"column":1}},"96":{"start":{"line":202,"column":4},"end":{"line":202,"column":31}},"97":{"start":{"line":204,"column":13},"end":{"line":206,"column":1}},"98":{"start":{"line":205,"column":4},"end":{"line":205,"column":31}},"99":{"start":{"line":208,"column":13},"end":{"line":208,"column":19}},"100":{"start":{"line":210,"column":0},"end":{"line":210,"column":58}}},"fnMap":{"0":{"name":"validSet","decl":{"start":{"line":5,"column":9},"end":{"line":5,"column":17}},"loc":{"start":{"line":5,"column":22},"end":{"line":10,"column":1}},"line":5},"1":{"name":"validWhere","decl":{"start":{"line":11,"column":9},"end":{"line":11,"column":19}},"loc":{"start":{"line":11,"column":37},"end":{"line":19,"column":1}},"line":11},"2":{"name":"validField","decl":{"start":{"line":20,"column":9},"end":{"line":20,"column":19}},"loc":{"start":{"line":20,"column":26},"end":{"line":25,"column":1}},"line":20},"3":{"name":"validOrder","decl":{"start":{"line":26,"column":9},"end":{"line":26,"column":19}},"loc":{"start":{"line":26,"column":33},"end":{"line":31,"column":1}},"line":26},"4":{"name":"validLimit","decl":{"start":{"line":32,"column":9},"end":{"line":32,"column":19}},"loc":{"start":{"line":32,"column":25},"end":{"line":37,"column":1}},"line":32},"5":{"name":"(anonymous_5)","decl":{"start":{"line":40,"column":4},"end":{"line":40,"column":5}},"loc":{"start":{"line":40,"column":18},"end":{"line":53,"column":5}},"line":40},"6":{"name":"(anonymous_6)","decl":{"start":{"line":48,"column":23},"end":{"line":48,"column":24}},"loc":{"start":{"line":48,"column":34},"end":{"line":52,"column":9}},"line":48},"7":{"name":"(anonymous_7)","decl":{"start":{"line":55,"column":4},"end":{"line":55,"column":5}},"loc":{"start":{"line":55,"column":15},"end":{"line":61,"column":5}},"line":55},"8":{"name":"(anonymous_8)","decl":{"start":{"line":63,"column":4},"end":{"line":63,"column":5}},"loc":{"start":{"line":63,"column":28},"end":{"line":76,"column":5}},"line":63},"9":{"name":"(anonymous_9)","decl":{"start":{"line":78,"column":4},"end":{"line":78,"column":5}},"loc":{"start":{"line":78,"column":25},"end":{"line":86,"column":5}},"line":78},"10":{"name":"(anonymous_10)","decl":{"start":{"line":88,"column":4},"end":{"line":88,"column":5}},"loc":{"start":{"line":88,"column":16},"end":{"line":93,"column":5}},"line":88},"11":{"name":"(anonymous_11)","decl":{"start":{"line":95,"column":4},"end":{"line":95,"column":5}},"loc":{"start":{"line":95,"column":18},"end":{"line":100,"column":5}},"line":95},"12":{"name":"(anonymous_12)","decl":{"start":{"line":104,"column":4},"end":{"line":104,"column":5}},"loc":{"start":{"line":104,"column":23},"end":{"line":109,"column":5}},"line":104},"13":{"name":"(anonymous_13)","decl":{"start":{"line":110,"column":4},"end":{"line":110,"column":5}},"loc":{"start":{"line":110,"column":15},"end":{"line":116,"column":5}},"line":110},"14":{"name":"(anonymous_14)","decl":{"start":{"line":120,"column":4},"end":{"line":120,"column":5}},"loc":{"start":{"line":120,"column":26},"end":{"line":123,"column":5}},"line":120},"15":{"name":"(anonymous_15)","decl":{"start":{"line":124,"column":4},"end":{"line":124,"column":5}},"loc":{"start":{"line":124,"column":14},"end":{"line":130,"column":5}},"line":124},"16":{"name":"(anonymous_16)","decl":{"start":{"line":132,"column":4},"end":{"line":132,"column":5}},"loc":{"start":{"line":132,"column":13},"end":{"line":137,"column":5}},"line":132},"17":{"name":"(anonymous_17)","decl":{"start":{"line":140,"column":4},"end":{"line":140,"column":5}},"loc":{"start":{"line":140,"column":26},"end":{"line":143,"column":5}},"line":140},"18":{"name":"(anonymous_18)","decl":{"start":{"line":144,"column":4},"end":{"line":144,"column":5}},"loc":{"start":{"line":144,"column":14},"end":{"line":150,"column":5}},"line":144},"19":{"name":"(anonymous_19)","decl":{"start":{"line":157,"column":4},"end":{"line":157,"column":5}},"loc":{"start":{"line":157,"column":36},"end":{"line":176,"column":5}},"line":157},"20":{"name":"(anonymous_20)","decl":{"start":{"line":177,"column":4},"end":{"line":177,"column":5}},"loc":{"start":{"line":177,"column":31},"end":{"line":192,"column":5}},"line":177},"21":{"name":"(anonymous_21)","decl":{"start":{"line":187,"column":27},"end":{"line":187,"column":28}},"loc":{"start":{"line":187,"column":38},"end":{"line":191,"column":9}},"line":187},"22":{"name":"(anonymous_22)","decl":{"start":{"line":195,"column":13},"end":{"line":195,"column":14}},"loc":{"start":{"line":195,"column":30},"end":{"line":197,"column":1}},"line":195},"23":{"name":"(anonymous_23)","decl":{"start":{"line":198,"column":13},"end":{"line":198,"column":14}},"loc":{"start":{"line":198,"column":30},"end":{"line":200,"column":1}},"line":198},"24":{"name":"(anonymous_24)","decl":{"start":{"line":201,"column":13},"end":{"line":201,"column":14}},"loc":{"start":{"line":201,"column":30},"end":{"line":203,"column":1}},"line":201},"25":{"name":"(anonymous_25)","decl":{"start":{"line":204,"column":13},"end":{"line":204,"column":14}},"loc":{"start":{"line":204,"column":30},"end":{"line":206,"column":1}},"line":204}},"branchMap":{"0":{"loc":{"start":{"line":6,"column":4},"end":{"line":8,"column":5}},"type":"if","locations":[{"start":{"line":6,"column":4},"end":{"line":8,"column":5}},{"start":{},"end":{}}],"line":6},"1":{"loc":{"start":{"line":12,"column":4},"end":{"line":14,"column":5}},"type":"if","locations":[{"start":{"line":12,"column":4},"end":{"line":14,"column":5}},{"start":{},"end":{}}],"line":12},"2":{"loc":{"start":{"line":12,"column":7},"end":{"line":12,"column":58}},"type":"binary-expr","locations":[{"start":{"line":12,"column":7},"end":{"line":12,"column":31}},{"start":{"line":12,"column":35},"end":{"line":12,"column":58}}],"line":12},"3":{"loc":{"start":{"line":15,"column":4},"end":{"line":17,"column":5}},"type":"if","locations":[{"start":{"line":15,"column":4},"end":{"line":17,"column":5}},{"start":{},"end":{}}],"line":15},"4":{"loc":{"start":{"line":21,"column":4},"end":{"line":23,"column":5}},"type":"if","locations":[{"start":{"line":21,"column":4},"end":{"line":23,"column":5}},{"start":{},"end":{}}],"line":21},"5":{"loc":{"start":{"line":27,"column":4},"end":{"line":29,"column":5}},"type":"if","locations":[{"start":{"line":27,"column":4},"end":{"line":29,"column":5}},{"start":{},"end":{}}],"line":27},"6":{"loc":{"start":{"line":33,"column":4},"end":{"line":35,"column":5}},"type":"if","locations":[{"start":{"line":33,"column":4},"end":{"line":35,"column":5}},{"start":{},"end":{}}],"line":33},"7":{"loc":{"start":{"line":49,"column":12},"end":{"line":51,"column":13}},"type":"if","locations":[{"start":{"line":49,"column":12},"end":{"line":51,"column":13}},{"start":{},"end":{}}],"line":49},"8":{"loc":{"start":{"line":56,"column":8},"end":{"line":59,"column":9}},"type":"if","locations":[{"start":{"line":56,"column":8},"end":{"line":59,"column":9}},{"start":{},"end":{}}],"line":56},"9":{"loc":{"start":{"line":64,"column":8},"end":{"line":74,"column":9}},"type":"if","locations":[{"start":{"line":64,"column":8},"end":{"line":74,"column":9}},{"start":{"line":70,"column":15},"end":{"line":74,"column":9}}],"line":64},"10":{"loc":{"start":{"line":66,"column":16},"end":{"line":68,"column":17}},"type":"if","locations":[{"start":{"line":66,"column":16},"end":{"line":68,"column":17}},{"start":{},"end":{}}],"line":66},"11":{"loc":{"start":{"line":71,"column":12},"end":{"line":73,"column":13}},"type":"if","locations":[{"start":{"line":71,"column":12},"end":{"line":73,"column":13}},{"start":{},"end":{}}],"line":71},"12":{"loc":{"start":{"line":79,"column":8},"end":{"line":81,"column":9}},"type":"if","locations":[{"start":{"line":79,"column":8},"end":{"line":81,"column":9}},{"start":{},"end":{}}],"line":79},"13":{"loc":{"start":{"line":82,"column":8},"end":{"line":84,"column":9}},"type":"if","locations":[{"start":{"line":82,"column":8},"end":{"line":84,"column":9}},{"start":{},"end":{}}],"line":82},"14":{"loc":{"start":{"line":89,"column":8},"end":{"line":91,"column":9}},"type":"if","locations":[{"start":{"line":89,"column":8},"end":{"line":91,"column":9}},{"start":{},"end":{}}],"line":89},"15":{"loc":{"start":{"line":96,"column":8},"end":{"line":98,"column":9}},"type":"if","locations":[{"start":{"line":96,"column":8},"end":{"line":98,"column":9}},{"start":{},"end":{}}],"line":96},"16":{"loc":{"start":{"line":106,"column":8},"end":{"line":108,"column":9}},"type":"if","locations":[{"start":{"line":106,"column":8},"end":{"line":108,"column":9}},{"start":{},"end":{}}],"line":106},"17":{"loc":{"start":{"line":111,"column":8},"end":{"line":114,"column":9}},"type":"if","locations":[{"start":{"line":111,"column":8},"end":{"line":114,"column":9}},{"start":{},"end":{}}],"line":111},"18":{"loc":{"start":{"line":125,"column":8},"end":{"line":128,"column":9}},"type":"if","locations":[{"start":{"line":125,"column":8},"end":{"line":128,"column":9}},{"start":{},"end":{}}],"line":125},"19":{"loc":{"start":{"line":133,"column":8},"end":{"line":135,"column":9}},"type":"if","locations":[{"start":{"line":133,"column":8},"end":{"line":135,"column":9}},{"start":{},"end":{}}],"line":133},"20":{"loc":{"start":{"line":145,"column":8},"end":{"line":148,"column":9}},"type":"if","locations":[{"start":{"line":145,"column":8},"end":{"line":148,"column":9}},{"start":{},"end":{}}],"line":145},"21":{"loc":{"start":{"line":158,"column":23},"end":{"line":158,"column":36}},"type":"binary-expr","locations":[{"start":{"line":158,"column":23},"end":{"line":158,"column":30}},{"start":{"line":158,"column":34},"end":{"line":158,"column":36}}],"line":158},"22":{"loc":{"start":{"line":160,"column":8},"end":{"line":166,"column":9}},"type":"if","locations":[{"start":{"line":160,"column":8},"end":{"line":166,"column":9}},{"start":{"line":163,"column":13},"end":{"line":166,"column":9}}],"line":160},"23":{"loc":{"start":{"line":180,"column":8},"end":{"line":185,"column":9}},"type":"if","locations":[{"start":{"line":180,"column":8},"end":{"line":185,"column":9}},{"start":{"line":183,"column":13},"end":{"line":185,"column":9}}],"line":180}},"s":{"0":1,"1":1,"2":1,"3":6,"4":0,"5":6,"6":2,"7":0,"8":2,"9":0,"10":2,"11":6,"12":0,"13":6,"14":2,"15":0,"16":2,"17":0,"18":0,"19":0,"20":2,"21":2,"22":2,"23":6,"24":6,"25":2,"26":2,"27":2,"28":2,"29":2,"30":0,"31":0,"32":0,"33":2,"34":2,"35":2,"36":2,"37":2,"38":2,"39":2,"40":2,"41":0,"42":0,"43":0,"44":0,"45":0,"46":0,"47":1,"48":1,"49":1,"50":1,"51":1,"52":1,"53":1,"54":1,"55":1,"56":1,"57":1,"58":1,"59":1,"60":1,"61":1,"62":1,"63":2,"64":2,"65":2,"66":2,"67":2,"68":2,"69":1,"70":5,"71":5,"72":5,"73":2,"74":2,"75":3,"76":3,"77":5,"78":5,"79":5,"80":0,"81":0,"82":0,"83":0,"84":0,"85":0,"86":0,"87":0,"88":0,"89":0,"90":0,"91":1,"92":2,"93":1,"94":1,"95":1,"96":1,"97":1,"98":2,"99":1,"100":1},"f":{"0":6,"1":2,"2":6,"3":2,"4":0,"5":2,"6":6,"7":2,"8":2,"9":2,"10":0,"11":0,"12":1,"13":1,"14":1,"15":1,"16":1,"17":2,"18":2,"19":5,"20":0,"21":0,"22":2,"23":1,"24":1,"25":2},"b":{"0":[0,6],"1":[0,2],"2":[2,2],"3":[0,2],"4":[0,6],"5":[0,2],"6":[0,0],"7":[6,0],"8":[2,0],"9":[0,2],"10":[0,0],"11":[2,0],"12":[2,0],"13":[2,0],"14":[0,0],"15":[0,0],"16":[1,0],"17":[1,0],"18":[1,0],"19":[1,0],"20":[2,0],"21":[5,5],"22":[2,3],"23":[0,0]},"_coverageSchema":"1a1c01bbd47fc00a2c39e90264f33305004495a9","hash":"b828b4947493c7fc477e4c9016ec1e60dacf5c44"}
}
