TN:
SF:index.js
FN:5,validSet
FN:11,validWhere
FN:20,validField
FN:26,validOrder
FN:32,validLimit
FN:40,(anonymous_5)
FN:48,(anonymous_6)
FN:55,(anonymous_7)
FN:63,(anonymous_8)
FN:78,(anonymous_9)
FN:88,(anonymous_10)
FN:95,(anonymous_11)
FN:104,(anonymous_12)
FN:110,(anonymous_13)
FN:120,(anonymous_14)
FN:124,(anonymous_15)
FN:132,(anonymous_16)
FN:140,(anonymous_17)
FN:144,(anonymous_18)
FN:157,(anonymous_19)
FN:177,(anonymous_20)
FN:187,(anonymous_21)
FN:195,(anonymous_22)
FN:198,(anonymous_23)
FN:201,(anonymous_24)
FN:204,(anonymous_25)
FNF:26
FNH:21
FNDA:6,validSet
FNDA:2,validWhere
FNDA:6,validField
FNDA:2,validOrder
FNDA:0,validLimit
FNDA:2,(anonymous_5)
FNDA:6,(anonymous_6)
FNDA:2,(anonymous_7)
FNDA:2,(anonymous_8)
FNDA:2,(anonymous_9)
FNDA:0,(anonymous_10)
FNDA:0,(anonymous_11)
FNDA:1,(anonymous_12)
FNDA:1,(anonymous_13)
FNDA:1,(anonymous_14)
FNDA:1,(anonymous_15)
FNDA:1,(anonymous_16)
FNDA:2,(anonymous_17)
FNDA:2,(anonymous_18)
FNDA:5,(anonymous_19)
FNDA:0,(anonymous_20)
FNDA:0,(anonymous_21)
FNDA:2,(anonymous_22)
FNDA:1,(anonymous_23)
FNDA:1,(anonymous_24)
FNDA:2,(anonymous_25)
DA:1,1
DA:2,1
DA:3,1
DA:6,6
DA:7,0
DA:9,6
DA:12,2
DA:13,0
DA:15,2
DA:16,0
DA:18,2
DA:21,6
DA:22,0
DA:24,6
DA:27,2
DA:28,0
DA:30,2
DA:33,0
DA:34,0
DA:36,0
DA:41,2
DA:47,2
DA:48,2
DA:49,6
DA:50,6
DA:56,2
DA:57,2
DA:58,2
DA:60,2
DA:64,2
DA:65,0
DA:66,0
DA:67,0
DA:71,2
DA:72,2
DA:75,2
DA:79,2
DA:80,2
DA:82,2
DA:83,2
DA:85,2
DA:89,0
DA:90,0
DA:92,0
DA:96,0
DA:97,0
DA:99,0
DA:105,1
DA:106,1
DA:107,1
DA:111,1
DA:112,1
DA:113,1
DA:115,1
DA:121,1
DA:122,1
DA:125,1
DA:126,1
DA:127,1
DA:129,1
DA:133,1
DA:134,1
DA:136,1
DA:141,2
DA:142,2
DA:145,2
DA:146,2
DA:147,2
DA:149,2
DA:155,1
DA:158,5
DA:159,5
DA:160,5
DA:161,2
DA:162,2
DA:164,3
DA:165,3
DA:167,5
DA:171,5
DA:172,5
DA:173,0
DA:174,0
DA:175,0
DA:179,0
DA:180,0
DA:181,0
DA:184,0
DA:186,0
DA:187,0
DA:189,0
DA:190,0
DA:195,1
DA:196,2
DA:198,1
DA:199,1
DA:201,1
DA:202,1
DA:204,1
DA:205,2
DA:208,1
DA:210,1
LF:101
LH:73
BRDA:6,0,0,0
BRDA:6,0,1,6
BRDA:12,1,0,0
BRDA:12,1,1,2
BRDA:12,2,0,2
BRDA:12,2,1,2
BRDA:15,3,0,0
BRDA:15,3,1,2
BRDA:21,4,0,0
BRDA:21,4,1,6
BRDA:27,5,0,0
BRDA:27,5,1,2
BRDA:33,6,0,0
BRDA:33,6,1,0
BRDA:49,7,0,6
BRDA:49,7,1,0
BRDA:56,8,0,2
BRDA:56,8,1,0
BRDA:64,9,0,0
BRDA:64,9,1,2
BRDA:66,10,0,0
BRDA:66,10,1,0
BRDA:71,11,0,2
BRDA:71,11,1,0
BRDA:79,12,0,2
BRDA:79,12,1,0
BRDA:82,13,0,2
BRDA:82,13,1,0
BRDA:89,14,0,0
BRDA:89,14,1,0
BRDA:96,15,0,0
BRDA:96,15,1,0
BRDA:106,16,0,1
BRDA:106,16,1,0
BRDA:111,17,0,1
BRDA:111,17,1,0
BRDA:125,18,0,1
BRDA:125,18,1,0
BRDA:133,19,0,1
BRDA:133,19,1,0
BRDA:145,20,0,2
BRDA:145,20,1,0
BRDA:158,21,0,5
BRDA:158,21,1,5
BRDA:160,22,0,2
BRDA:160,22,1,3
BRDA:180,23,0,0
BRDA:180,23,1,0
BRF:48
BRH:22
end_of_record
